<?xml version="1.0" encoding="UTF-8"?>
<!-- Generated by org.testng.reporters.JUnitReportReporter -->
<testsuite skipped="0" hostname="WINDOWS-V00Q5KE" name="sampletests.TestCase1" tests="1" failures="0" timestamp="17 Dec 2017 12:41:29 GMT" time="10.502" errors="0">
  <testcase name="testCase" time="10.502" classname="sampletests.TestCase1"/>
</testsuite> <!-- sampletests.TestCase1 -->
