<?xml version="1.0" encoding="UTF-8"?>
<!-- Generated by org.testng.reporters.JUnitReportReporter -->
<testsuite skipped="0" hostname="WINDOWS-V00Q5KE" name="sampletests.NewTest" tests="1" failures="0" timestamp="17 Dec 2017 11:13:08 GMT" time="8.957" errors="0">
  <testcase name="testCase" time="8.957" classname="sampletests.NewTest"/>
</testsuite> <!-- sampletests.NewTest -->
