<?xml version="1.0" encoding="UTF-8"?>
<!-- Generated by org.testng.reporters.JUnitReportReporter -->
<testsuite skipped="0" hostname="WINDOWS-V00Q5KE" name="sampletests.TestCase11" tests="1" failures="0" timestamp="17 Dec 2017 12:55:59 GMT" time="6.874" errors="0">
  <testcase name="testCase" time="6.874" classname="sampletests.TestCase11"/>
</testsuite> <!-- sampletests.TestCase11 -->
